<?xml version="1.0" encoding="UTF-8"?>
<testsuite xmlns:xsi="http://www.w3.org/2001/XMLSchema-instance" xsi:noNamespaceSchemaLocation="https://maven.apache.org/surefire/maven-surefire-plugin/xsd/surefire-test-report-3.0.xsd" version="3.0" name="TestSuite" time="59.969" tests="17" errors="0" skipped="10" failures="6">
  <properties>
[...]
</properties>
  <testcase name="setup" classname="com.romanceabroad.ui.RegistrationTests" time="3.316">
    <failure message="Unable to parse remote response: Misconfigured -- Unsupported OS/browser/version/device combo: OS: &apos;Windows 10&apos;, Browser: &apos;39.0&apos;, Version: &apos;Firefox.&apos;, Device: &apos;unspecified&apos;" type="org.openqa.selenium.WebDriverException">org.openqa.selenium.WebDriverException: Unable to parse remote response: Misconfigured -- Unsupported OS/browser/version/device combo: OS: 'Windows 10', Browser: '39.0', Version: 'Firefox.', Device: 'unspecified'
Caused by: org.openqa.selenium.json.JsonException: 
Unable to determine type from: M. Last 1 characters read: M
Build info: version: '3.141.59', revision: 'e82be7d358', time: '2018-11-14T08:17:03'
System info: host: 'ALLEN', ip: '192.168.1.156', os.name: 'Windows 10', os.arch: 'amd64', os.version: '10.0', java.version: '1.8.0_211'
Driver info: driver.version: RemoteWebDriver
</failure>
  </testcase>
  <testcase name="setup" classname="com.romanceabroad.ui.RegistrationTests" time="4.144">
    <failure message="Unable to parse remote response: Misconfigured -- Unsupported OS/browser/version/device combo: OS: &apos;Windows 10&apos;, Browser: &apos;16.16299&apos;, Version: &apos;MicrosoftEdge.&apos;, Device: &apos;unspecified&apos;" type="org.openqa.selenium.WebDriverException">org.openqa.selenium.WebDriverException: Unable to parse remote response: Misconfigured -- Unsupported OS/browser/version/device combo: OS: 'Windows 10', Browser: '16.16299', Version: 'MicrosoftEdge.', Device: 'unspecified'
Caused by: org.openqa.selenium.json.JsonException: 
Unable to determine type from: M. Last 1 characters read: M
Build info: version: '3.141.59', revision: 'e82be7d358', time: '2018-11-14T08:17:03'
System info: host: 'ALLEN', ip: '192.168.1.156', os.name: 'Windows 10', os.arch: 'amd64', os.version: '10.0', java.version: '1.8.0_211'
Driver info: driver.version: RemoteWebDriver
</failure>
  </testcase>
  <testcase name="setup" classname="com.romanceabroad.ui.RegistrationTests" time="4.588">
    <failure message="Unable to parse remote response: Misconfigured -- Unsupported OS/browser/version/device combo: OS: &apos;Windows 10&apos;, Browser: &apos;11.285&apos;, Version: &apos;Internet Explorer.&apos;, Device: &apos;unspecified&apos;" type="org.openqa.selenium.WebDriverException">org.openqa.selenium.WebDriverException: Unable to parse remote response: Misconfigured -- Unsupported OS/browser/version/device combo: OS: 'Windows 10', Browser: '11.285', Version: 'Internet Explorer.', Device: 'unspecified'
Caused by: org.openqa.selenium.json.JsonException: 
Unable to determine type from: M. Last 1 characters read: M
Build info: version: '3.141.59', revision: 'e82be7d358', time: '2018-11-14T08:17:03'
System info: host: 'ALLEN', ip: '192.168.1.156', os.name: 'Windows 10', os.arch: 'amd64', os.version: '10.0', java.version: '1.8.0_211'
Driver info: driver.version: RemoteWebDriver
</failure>
  </testcase>
  <testcase name="setup" classname="com.romanceabroad.ui.RegistrationTests" time="2.911">
    <failure message="&#10;Parameter &apos;version&apos; is required by BeforeMethod on method setup but has not been marked @Optional or defined&#10;in C:\Users\Satenik\project\GitHub\romanceabroadtest\romanceabroadtest\TestNG.xml" type="org.testng.TestNGException">org.testng.TestNGException: 

Parameter 'version' is required by BeforeMethod on method setup but has not been marked @Optional or defined
in C:\Users\Satenik\project\GitHub\romanceabroadtest\romanceabroadtest\TestNG.xml
</failure>
    <system-out><![CDATA[Click Next button
Type nickname: Nick28758
Click list of days
]]></system-out>
  </testcase>
  <testcase name="setup" classname="com.romanceabroad.ui.RegistrationTests" time="3.024">
    <failure message="&#10;Parameter &apos;version&apos; is required by BeforeMethod on method setup but has not been marked @Optional or defined&#10;in C:\Users\Satenik\project\GitHub\romanceabroadtest\romanceabroadtest\TestNG.xml" type="org.testng.TestNGException">org.testng.TestNGException: 

Parameter 'version' is required by BeforeMethod on method setup but has not been marked @Optional or defined
in C:\Users\Satenik\project\GitHub\romanceabroadtest\romanceabroadtest\TestNG.xml
</failure>
  </testcase>
  <testcase name="testRegistration2" classname="com.romanceabroad.ui.RegistrationTests" time="0">
    <skipped message="Unable to parse remote response: Misconfigured -- Unsupported OS/browser/version/device combo: OS: &apos;Windows 10&apos;, Browser: &apos;39.0&apos;, Version: &apos;Firefox.&apos;, Device: &apos;unspecified&apos;"/>
  </testcase>
  <testcase name="testRegistration2" classname="com.romanceabroad.ui.RegistrationTests" time="0">
    <skipped message="Unable to parse remote response: Misconfigured -- Unsupported OS/browser/version/device combo: OS: &apos;Windows 10&apos;, Browser: &apos;16.16299&apos;, Version: &apos;MicrosoftEdge.&apos;, Device: &apos;unspecified&apos;"/>
  </testcase>
  <testcase name="testRegistration2" classname="com.romanceabroad.ui.RegistrationTests" time="0">
    <skipped message="Unable to parse remote response: Misconfigured -- Unsupported OS/browser/version/device combo: OS: &apos;Windows 10&apos;, Browser: &apos;11.285&apos;, Version: &apos;Internet Explorer.&apos;, Device: &apos;unspecified&apos;"/>
  </testcase>
  <testcase name="testRegistration2" classname="com.romanceabroad.ui.RegistrationTests" time="1.029">
    <failure message="Unknown timeout type in &apos;timeouts&apos;: &apos;type&apos;&#10;Build info: version: &apos;3.14.0&apos;, revision: &apos;aacccce0&apos;, time: &apos;2018-08-02T20:13:22.693Z&apos;&#10;System info: host: &apos;itako1934.prod.miso&apos;, ip: &apos;fe80:0:0:0:1cb8:90a6:43b4:a21f%en0&apos;, os.name: &apos;Mac OS X&apos;, os.arch: &apos;x86_64&apos;, os.version: &apos;10.13.6&apos;, java.version: &apos;9.0.4&apos;&#10;Driver info: driver.version: unknown&#10;Command duration or timeout: 0 milliseconds" type="org.openqa.selenium.InvalidArgumentException">org.openqa.selenium.InvalidArgumentException: 
Unknown timeout type in 'timeouts': 'type'
Build info: version: '3.14.0', revision: 'aacccce0', time: '2018-08-02T20:13:22.693Z'
System info: host: 'itako1934.prod.miso', ip: 'fe80:0:0:0:1cb8:90a6:43b4:a21f%en0', os.name: 'Mac OS X', os.arch: 'x86_64', os.version: '10.13.6', java.version: '9.0.4'
Driver info: driver.version: unknown
Command duration or timeout: 0 milliseconds
	at com.romanceabroad.ui.RegistrationTests.testRegistration2(RegistrationTests.java:20)
Caused by: org.openqa.selenium.InvalidArgumentException: 
Unknown timeout type in 'timeouts': 'type'
Build info: version: '3.14.0', revision: 'aacccce0', time: '2018-08-02T20:13:22.693Z'
System info: host: 'itako1934.prod.miso', ip: 'fe80:0:0:0:1cb8:90a6:43b4:a21f%en0', os.name: 'Mac OS X', os.arch: 'x86_64', os.version: '10.13.6', java.version: '9.0.4'
Driver info: driver.version: unknown
Build info: version: '3.141.59', revision: 'e82be7d358', time: '2018-11-14T08:17:03'
System info: host: 'ALLEN', ip: '192.168.1.156', os.name: 'Windows 10', os.arch: 'amd64', os.version: '10.0', java.version: '1.8.0_211'
Driver info: driver.version: unknown
</failure>
    <system-out><![CDATA[Wait Join button
Click Join button
Wait email text field
Type email in text field: 11@gmail.com
Wait password text field
Wait Join button
Type password in text field: 338377377m
Click Join button
Wait Next button
Wait email text field
]]></system-out>
    <system-err><![CDATA[Dec 09, 2019 1:01:10 AM org.openqa.selenium.remote.ProtocolHandshake createSession
INFO: Detected dialect: OSS
Dec 09, 2019 1:01:15 AM org.openqa.selenium.remote.ProtocolHandshake createSession
INFO: Detected dialect: OSS
Video recording
[C:\Users\Satenik\project\GitHub\romanceabroadtest\romanceabroadtest\video\Registration test_recording_2019_09_12_01_01_23.avi]
]]></system-err>
  </testcase>
  <testcase name="testRegistration2" classname="com.romanceabroad.ui.RegistrationTests" time="0">
    <skipped message="&#10;Parameter &apos;version&apos; is required by BeforeMethod on method setup but has not been marked @Optional or defined&#10;in C:\Users\Satenik\project\GitHub\romanceabroadtest\romanceabroadtest\TestNG.xml"/>
  </testcase>
  <testcase name="testRegistration2" classname="com.romanceabroad.ui.RegistrationTests" time="0">
    <skipped message="&#10;Parameter &apos;version&apos; is required by BeforeMethod on method setup but has not been marked @Optional or defined&#10;in C:\Users\Satenik\project\GitHub\romanceabroadtest\romanceabroadtest\TestNG.xml"/>
  </testcase>
  <testcase name="testRegistration2" classname="com.romanceabroad.ui.RegistrationTests" time="38.586"/>
  <testcase name="tearDown" classname="com.romanceabroad.ui.RegistrationTests" time="0">
    <skipped/>
    <system-err><![CDATA[Video recording
[C:\Users\Satenik\project\GitHub\romanceabroadtest\romanceabroadtest\video\Registration test_recording_2019_09_12_01_01_06.avi]
]]></system-err>
  </testcase>
  <testcase name="tearDown" classname="com.romanceabroad.ui.RegistrationTests" time="0">
    <skipped/>
    <system-err><![CDATA[Video recording
[C:\Users\Satenik\project\GitHub\romanceabroadtest\romanceabroadtest\video\Registration test_recording_2019_09_12_01_01_07.avi]
]]></system-err>
  </testcase>
  <testcase name="tearDown" classname="com.romanceabroad.ui.RegistrationTests" time="0">
    <skipped/>
    <system-err><![CDATA[Video recording
[C:\Users\Satenik\project\GitHub\romanceabroadtest\romanceabroadtest\video\Registration test_recording_2019_09_12_01_01_07.avi]
]]></system-err>
  </testcase>
  <testcase name="tearDown" classname="com.romanceabroad.ui.RegistrationTests" time="0">
    <skipped/>
    <system-out><![CDATA[Select specific day: 1
Collect elements in list
]]></system-out>
    <system-err><![CDATA[Video recording
[C:\Users\Satenik\project\GitHub\romanceabroadtest\romanceabroadtest\video\Registration test_recording_2019_09_12_01_01_26.avi]
]]></system-err>
  </testcase>
  <testcase name="tearDown" classname="com.romanceabroad.ui.RegistrationTests" time="0">
    <skipped/>
    <system-out><![CDATA[Start using loop with size of list
Create new webelement of list
Create new String with text from element of list
]]></system-out>
    <system-err><![CDATA[Video recording
[C:\Users\Satenik\project\GitHub\romanceabroadtest\romanceabroadtest\video\Registration test_recording_2019_09_12_01_01_26.avi]
]]></system-err>
  </testcase>
</testsuite>