<?xml version="1.0" encoding="UTF-8"?>
<!-- Generated by org.testng.reporters.JUnitXMLReporter -->
<testsuite hostname="Allen" ignored="0" name="Chrome tests" tests="6" failures="0" timestamp="03 Dec 2019 01:27:32 GMT" time="111.543" errors="0">
  <testcase name="testRegistration" time="6.047" classname="com.romanceabroad.ui.RegistrationTests"/>
  <testcase name="testRegistration" time="7.267" classname="com.romanceabroad.ui.RegistrationTests"/>
  <testcase name="testRegistration" time="6.869" classname="com.romanceabroad.ui.RegistrationTests"/>
  <testcase name="testRegistration2" time="6.397" classname="com.romanceabroad.ui.RegistrationTests"/>
  <testcase name="testRegistration2" time="0.601" classname="com.romanceabroad.ui.RegistrationTests"/>
  <testcase name="testRegistration2" time="6.907" classname="com.romanceabroad.ui.RegistrationTests"/>
</testsuite> <!-- Chrome tests -->
